-------------------------------------------------------------------------------------------------------
      name:  <unnamed>
       log:  C:\Users\dibbo\Dropbox\Debiasing Police in India\005-Data-and-analysis-2022\03 Randomisati
> on\01.Officer-Survey_Randomization\bagaha-randomization\05.log-files\randomisation_bagaha.log
  log type:  text
 opened on:  26 Jun 2024, 17:56:00

. 
. * We will add this line from time to time if the program takes time to compute or uses a lot of loops
. noisily display as text "The date is " as result "--$S_DATE--" as text " and the time is " as result 
> "--$S_TIME
The date is --26 Jun 2024-- and the time is --17:56:00

. 
. 
. **Preparing the Dataset 
. 
. * Loading the merged baseline for Bagaha
. use "$source\1001_bagaha-merged.dta"

. 
. tab po_grandtotal, missing // No missing values

      Total |
   Officers |
Strength in |
     the PS |
    (Strata |
  Variable) |      Freq.     Percent        Cum.
------------+-----------------------------------
          9 |          4        2.63        2.63
         11 |          3        1.97        4.61
         16 |          3        1.97        6.58
         17 |          7        4.61       11.18
         18 |          7        4.61       15.79
         19 |          4        2.63       18.42
         20 |          5        3.29       21.71
         22 |          5        3.29       25.00
         24 |          5        3.29       28.29
         27 |          6        3.95       32.24
         32 |          6        3.95       36.18
         33 |         17       11.18       47.37
         39 |         11        7.24       54.61
         47 |         11        7.24       61.84
         49 |         16       10.53       72.37
         56 |         22       14.47       86.84
         67 |         20       13.16      100.00
------------+-----------------------------------
      Total |        152      100.00

. 
. egen mean_officers = mean(po_grandtotal)

. egen median_officers = median(po_grandtotal)

. gen above_median_officers=(po_grandtotal>=median_officers)

. * We have on average 39.38 officers per station. The median is 39 officers. 
. * We have 18 stations. 9 PS should fall above the median, 9 should fall below the median.
. 
. unique ps_dist_id if above_median_officers == 1
Number of unique values of ps_dist_id is  5
Number of records is  80

. unique ps_dist_id if above_median_officers == 0 
Number of unique values of ps_dist_id is  13
Number of records is  72

. //We have 5 PS above median number of Police Officers and 13 PS with below median Police Officers str
> ength. 
. 
. save "${intermediate_dta}1001_bagaha-merged_prep.dta", replace
file C:\Users\dibbo\Dropbox\Debiasing Police in India\005-Data-and-analysis-2022\03
    Randomisation\01.Officer-Survey_Randomization\bagaha-randomization\02.intermediate-data\1001_baga
    > ha-merged_prep.dta saved

. 
. collapse (mean) above_median_officers, by ( ps_dist_id)

. rename  above_median_officers strata

. 
. 
. *2. Randomization of stations
. set seed 68200923

. gen random = uniform()

. egen ordem = rank(random), by (strata) unique 

. egen n_obs = count(random), by (strata)

. gen cutoff = n_obs*(1/2)

. gen cutoffA = round(cutoff)

. gen T = (ordem<= cutoffA)

. 
. save "${intermediate_dta}randomization_bagaha.dta", replace
file C:\Users\dibbo\Dropbox\Debiasing Police in India\005-Data-and-analysis-2022\03
    Randomisation\01.Officer-Survey_Randomization\bagaha-randomization\02.intermediate-data\randomiza
    > tion_bagaha.dta saved

. 
. tab T strata

           |        (mean)
           | above_median_officers
         T |         0          1 |     Total
-----------+----------------------+----------
         0 |         6          2 |         8 
         1 |         7          3 |        10 
-----------+----------------------+----------
     Total |        13          5 |        18 

. 
end of do-file

. exit, clear
